<?xml version="1.0" encoding="UTF-8"?>
<testng-results ignored="0" total="1" passed="1" failed="0" skipped="0">
  <reporter-output>
  </reporter-output>
  <suite started-at="2024-01-23T07:37:29 PST" name="Default suite" finished-at="2024-01-23T07:37:36 PST" duration-ms="6914">
    <groups>
      <group name="cucumber">
        <method signature="AbstractTestNGCucumberTests.feature(cucumber.api.testng.CucumberFeatureWrapper)[pri:0, instance:Testrune.Testrune@25fb8912]" name="feature" class="cucumber.api.testng.AbstractTestNGCucumberTests"/>
      </group> <!-- cucumber -->
    </groups>
    <test started-at="2024-01-23T07:37:29 PST" name="Default test" finished-at="2024-01-23T07:37:36 PST" duration-ms="6914">
      <class name="Testrune.Testrune">
        <test-method is-config="true" signature="setUpClass()[pri:0, instance:Testrune.Testrune@25fb8912]" started-at="2024-01-23T07:37:29 PST" name="setUpClass" finished-at="2024-01-23T07:37:29 PST" duration-ms="219" status="PASS">
          <reporter-output>
          </reporter-output>
        </test-method> <!-- setUpClass -->
        <test-method signature="feature(cucumber.api.testng.CucumberFeatureWrapper)[pri:0, instance:Testrune.Testrune@25fb8912]" started-at="2024-01-23T07:37:29 PST" name="feature" description="Runs Cucumber Feature" data-provider="features" finished-at="2024-01-23T07:37:36 PST" duration-ms="6558" status="PASS">
          <params>
            <param index="0">
              <value>
                <![CDATA[Validation demoblaze]]>
              </value>
            </param>
          </params>
          <reporter-output>
          </reporter-output>
        </test-method> <!-- feature -->
        <test-method is-config="true" signature="tearDownClass()[pri:0, instance:Testrune.Testrune@25fb8912]" started-at="2024-01-23T07:37:36 PST" name="tearDownClass" finished-at="2024-01-23T07:37:36 PST" duration-ms="13" status="PASS">
          <reporter-output>
          </reporter-output>
        </test-method> <!-- tearDownClass -->
      </class> <!-- Testrune.Testrune -->
    </test> <!-- Default test -->
  </suite> <!-- Default suite -->
</testng-results>
